  [1m[36m (28.6ms)[0m  [1mCREATE TABLE "schema_migrations" ("version" varchar NOT NULL) [0m
  [1m[35m (0.2ms)[0m  select sqlite_version(*)
  [1m[36m (25.5ms)[0m  [1mCREATE UNIQUE INDEX "unique_schema_migrations" ON "schema_migrations" ("version")[0m
  [1m[35mActiveRecord::SchemaMigration Load (0.3ms)[0m  SELECT "schema_migrations".* FROM "schema_migrations"
Migrating to TablePeoples (20190201084117)
  [1m[36m (0.2ms)[0m  [1mbegin transaction[0m
  [1m[35m (0.8ms)[0m  CREATE TABLE "peoples" ("id" INTEGER PRIMARY KEY AUTOINCREMENT NOT NULL) 
  [1m[36m (0.2ms)[0m  [1mALTER TABLE "peoples" ADD "firstname" varchar[0m
  [1m[35m (0.2ms)[0m  ALTER TABLE "peoples" ADD "lastname" varchar
  [1m[36m (0.2ms)[0m  [1mALTER TABLE "peoples" ADD "login" varchar[0m
  [1m[35m (0.1ms)[0m  ALTER TABLE "peoples" ADD "password" varchar
  [1m[36m (0.1ms)[0m  [1mALTER TABLE "peoples" ADD "citizen_id" integer[0m
  [1m[35mSQL (0.3ms)[0m  INSERT INTO "schema_migrations" ("version") VALUES (?)  [["version", "20190201084117"]]
  [1m[36m (26.7ms)[0m  [1mcommit transaction[0m
  [1m[35mActiveRecord::SchemaMigration Load (0.1ms)[0m  SELECT "schema_migrations".* FROM "schema_migrations"
  [1m[36m (18.1ms)[0m  [1mCREATE TABLE "peoples" ("id" INTEGER PRIMARY KEY AUTOINCREMENT NOT NULL, "firstname" varchar, "lastname" varchar, "login" varchar, "password" varchar, "citizen_id" integer) [0m
  [1m[35m (17.1ms)[0m  CREATE TABLE "schema_migrations" ("version" varchar NOT NULL) 
  [1m[36m (0.4ms)[0m  [1mselect sqlite_version(*)[0m
  [1m[35m (16.8ms)[0m  CREATE UNIQUE INDEX "unique_schema_migrations" ON "schema_migrations" ("version")
  [1m[36m (0.2ms)[0m  [1mSELECT version FROM "schema_migrations"[0m
  [1m[35m (16.8ms)[0m  INSERT INTO "schema_migrations" (version) VALUES ('20190201084117')
  [1m[36m (19.1ms)[0m  [1mCREATE TABLE "peoples" ("id" INTEGER PRIMARY KEY AUTOINCREMENT NOT NULL, "firstname" varchar, "lastname" varchar, "login" varchar, "password" varchar, "citizen_id" integer) [0m
  [1m[35m (16.2ms)[0m  CREATE TABLE "schema_migrations" ("version" varchar NOT NULL) 
  [1m[36m (0.1ms)[0m  [1mselect sqlite_version(*)[0m
  [1m[35m (16.9ms)[0m  CREATE UNIQUE INDEX "unique_schema_migrations" ON "schema_migrations" ("version")
  [1m[36m (0.2ms)[0m  [1mSELECT version FROM "schema_migrations"[0m
  [1m[35m (20.2ms)[0m  INSERT INTO "schema_migrations" (version) VALUES ('20190201084117')
  [1m[36mActiveRecord::SchemaMigration Load (0.1ms)[0m  [1mSELECT "schema_migrations".* FROM "schema_migrations"[0m
  [1m[36m (20.1ms)[0m  [1mCREATE TABLE "peoples" ("id" INTEGER PRIMARY KEY AUTOINCREMENT NOT NULL, "firstname" varchar, "lastname" varchar, "login" varchar, "password" varchar, "citizen_id" integer) [0m
  [1m[35m (17.3ms)[0m  CREATE TABLE "schema_migrations" ("version" varchar NOT NULL) 
  [1m[36m (0.1ms)[0m  [1mselect sqlite_version(*)[0m
  [1m[35m (17.1ms)[0m  CREATE UNIQUE INDEX "unique_schema_migrations" ON "schema_migrations" ("version")
  [1m[36m (0.3ms)[0m  [1mSELECT version FROM "schema_migrations"[0m
  [1m[35m (18.1ms)[0m  INSERT INTO "schema_migrations" (version) VALUES ('20190201084117')
  [1m[36m (17.4ms)[0m  [1mCREATE TABLE "peoples" ("id" INTEGER PRIMARY KEY AUTOINCREMENT NOT NULL, "firstname" varchar, "lastname" varchar, "login" varchar, "password" varchar, "citizen_id" integer) [0m
  [1m[35m (17.8ms)[0m  CREATE TABLE "schema_migrations" ("version" varchar NOT NULL) 
  [1m[36m (0.1ms)[0m  [1mselect sqlite_version(*)[0m
  [1m[35m (16.6ms)[0m  CREATE UNIQUE INDEX "unique_schema_migrations" ON "schema_migrations" ("version")
  [1m[36m (0.2ms)[0m  [1mSELECT version FROM "schema_migrations"[0m
  [1m[35m (16.0ms)[0m  INSERT INTO "schema_migrations" (version) VALUES ('20190201084117')
  [1m[36mActiveRecord::SchemaMigration Load (0.2ms)[0m  [1mSELECT "schema_migrations".* FROM "schema_migrations"[0m
  [1m[36mActiveRecord::SchemaMigration Load (0.2ms)[0m  [1mSELECT "schema_migrations".* FROM "schema_migrations"[0m
Migrating to CreatePeople (20190201091741)
  [1m[35m (0.1ms)[0m  begin transaction
  [1m[36m (0.4ms)[0m  [1mCREATE TABLE "people" ("id" INTEGER PRIMARY KEY AUTOINCREMENT NOT NULL, "firstname" varchar, "lastname" varchar, "login" varchar, "password" varchar, "citizen_id" integer, "created_at" datetime NOT NULL, "updated_at" datetime NOT NULL) [0m
  [1m[35mSQL (0.2ms)[0m  INSERT INTO "schema_migrations" ("version") VALUES (?)  [["version", "20190201091741"]]
  [1m[36m (17.9ms)[0m  [1mcommit transaction[0m
Migrating to CreateStudent (20190201114105)
  [1m[35m (0.1ms)[0m  begin transaction
  [1m[36m (0.4ms)[0m  [1mCREATE TABLE "students" ("id" INTEGER PRIMARY KEY AUTOINCREMENT NOT NULL, "companion" integer) [0m
  [1m[35mSQL (0.1ms)[0m  INSERT INTO "schema_migrations" ("version") VALUES (?)  [["version", "20190201114105"]]
  [1m[36m (17.2ms)[0m  [1mcommit transaction[0m
Migrating to CreateStudentCompagnon (20190201114343)
  [1m[35m (0.1ms)[0m  begin transaction
  [1m[36m (0.4ms)[0m  [1mCREATE TABLE "student_compagnons" ("id" INTEGER PRIMARY KEY AUTOINCREMENT NOT NULL, "student_id" integer, "student" integer) [0m
  [1m[35mSQL (0.1ms)[0m  INSERT INTO "schema_migrations" ("version") VALUES (?)  [["version", "20190201114343"]]
  [1m[36m (21.1ms)[0m  [1mcommit transaction[0m
  [1m[35mActiveRecord::SchemaMigration Load (0.1ms)[0m  SELECT "schema_migrations".* FROM "schema_migrations"
  [1m[36mActiveRecord::SchemaMigration Load (0.1ms)[0m  [1mSELECT "schema_migrations".* FROM "schema_migrations"[0m
  [1m[35mActiveRecord::SchemaMigration Load (0.1ms)[0m  SELECT "schema_migrations".* FROM "schema_migrations"
  [1m[36m (0.2ms)[0m  [1mbegin transaction[0m
  [1m[35mStudent Exists (0.5ms)[0m  SELECT  1 AS one FROM "students" WHERE "students"."student_id" IS NULL LIMIT 1
  [1m[36m (0.1ms)[0m  [1mrollback transaction[0m
  [1m[35m (0.2ms)[0m  begin transaction
  [1m[36mStudent Exists (0.9ms)[0m  [1mSELECT  1 AS one FROM "students" WHERE "students"."student_id" IS NULL LIMIT 1[0m
  [1m[35m (0.1ms)[0m  rollback transaction
  [1m[36m (0.4ms)[0m  [1mbegin transaction[0m
  [1m[35mStudent Exists (1.5ms)[0m  SELECT  1 AS one FROM "students" WHERE "students"."student_id" IS NULL LIMIT 1
  [1m[36m (0.1ms)[0m  [1mrollback transaction[0m
  [1m[36m (18.0ms)[0m  [1mCREATE TABLE "people" ("id" INTEGER PRIMARY KEY AUTOINCREMENT NOT NULL, "firstname" varchar, "lastname" varchar, "login" varchar, "password" varchar, "citizen_id" integer, "created_at" datetime NOT NULL, "updated_at" datetime NOT NULL) [0m
  [1m[35m (17.0ms)[0m  CREATE TABLE "peoples" ("id" INTEGER PRIMARY KEY AUTOINCREMENT NOT NULL, "firstname" varchar, "lastname" varchar, "login" varchar, "password" varchar, "citizen_id" integer) 
  [1m[36m (17.4ms)[0m  [1mCREATE TABLE "student_compagnons" ("id" INTEGER PRIMARY KEY AUTOINCREMENT NOT NULL, "student_id" integer, "student" integer) [0m
  [1m[35m (16.5ms)[0m  CREATE TABLE "students" ("id" INTEGER PRIMARY KEY AUTOINCREMENT NOT NULL, "companion" integer) 
  [1m[36m (16.0ms)[0m  [1mCREATE TABLE "schema_migrations" ("version" varchar NOT NULL) [0m
  [1m[35m (0.2ms)[0m  select sqlite_version(*)
  [1m[36m (18.4ms)[0m  [1mCREATE UNIQUE INDEX "unique_schema_migrations" ON "schema_migrations" ("version")[0m
  [1m[35m (0.3ms)[0m  SELECT version FROM "schema_migrations"
  [1m[36m (17.3ms)[0m  [1mINSERT INTO "schema_migrations" (version) VALUES ('20190201114343')[0m
  [1m[35m (17.2ms)[0m  INSERT INTO "schema_migrations" (version) VALUES ('20190201114105')
  [1m[36m (16.4ms)[0m  [1mINSERT INTO "schema_migrations" (version) VALUES ('20190201091741')[0m
  [1m[35m (16.0ms)[0m  CREATE TABLE "people" ("id" INTEGER PRIMARY KEY AUTOINCREMENT NOT NULL, "firstname" varchar, "lastname" varchar, "login" varchar, "password" varchar, "citizen_id" integer, "created_at" datetime NOT NULL, "updated_at" datetime NOT NULL) 
  [1m[36m (16.2ms)[0m  [1mCREATE TABLE "peoples" ("id" INTEGER PRIMARY KEY AUTOINCREMENT NOT NULL, "firstname" varchar, "lastname" varchar, "login" varchar, "password" varchar, "citizen_id" integer) [0m
  [1m[35m (16.2ms)[0m  CREATE TABLE "student_compagnons" ("id" INTEGER PRIMARY KEY AUTOINCREMENT NOT NULL, "student_id" integer, "student" integer) 
  [1m[36m (17.2ms)[0m  [1mCREATE TABLE "students" ("id" INTEGER PRIMARY KEY AUTOINCREMENT NOT NULL, "companion" integer) [0m
  [1m[35m (17.1ms)[0m  CREATE TABLE "schema_migrations" ("version" varchar NOT NULL) 
  [1m[36m (0.1ms)[0m  [1mselect sqlite_version(*)[0m
  [1m[35m (17.2ms)[0m  CREATE UNIQUE INDEX "unique_schema_migrations" ON "schema_migrations" ("version")
  [1m[36m (0.2ms)[0m  [1mSELECT version FROM "schema_migrations"[0m
  [1m[35m (16.5ms)[0m  INSERT INTO "schema_migrations" (version) VALUES ('20190201114343')
  [1m[36m (17.1ms)[0m  [1mINSERT INTO "schema_migrations" (version) VALUES ('20190201114105')[0m
  [1m[35m (16.4ms)[0m  INSERT INTO "schema_migrations" (version) VALUES ('20190201091741')
  [1m[36mActiveRecord::SchemaMigration Load (0.2ms)[0m  [1mSELECT "schema_migrations".* FROM "schema_migrations"[0m
  [1m[36mActiveRecord::SchemaMigration Load (0.1ms)[0m  [1mSELECT "schema_migrations".* FROM "schema_migrations"[0m
  [1m[35mActiveRecord::SchemaMigration Load (0.1ms)[0m  SELECT "schema_migrations".* FROM "schema_migrations"
  [1m[36m (17.3ms)[0m  [1mCREATE TABLE "people" ("id" INTEGER PRIMARY KEY AUTOINCREMENT NOT NULL, "firstname" varchar, "lastname" varchar, "login" varchar, "password" varchar, "citizen_id" integer, "created_at" datetime NOT NULL, "updated_at" datetime NOT NULL) [0m
  [1m[35m (15.8ms)[0m  CREATE TABLE "student_compagnons" ("id" INTEGER PRIMARY KEY AUTOINCREMENT NOT NULL, "student_id" integer, "student" integer) 
  [1m[36m (15.6ms)[0m  [1mCREATE TABLE "students" ("id" INTEGER PRIMARY KEY AUTOINCREMENT NOT NULL, "companion" integer) [0m
  [1m[35m (17.4ms)[0m  CREATE TABLE "schema_migrations" ("version" varchar NOT NULL) 
  [1m[36m (0.2ms)[0m  [1mselect sqlite_version(*)[0m
  [1m[35m (17.0ms)[0m  CREATE UNIQUE INDEX "unique_schema_migrations" ON "schema_migrations" ("version")
  [1m[36m (0.2ms)[0m  [1mSELECT version FROM "schema_migrations"[0m
  [1m[35m (15.7ms)[0m  INSERT INTO "schema_migrations" (version) VALUES ('20190201114343')
  [1m[36m (15.1ms)[0m  [1mINSERT INTO "schema_migrations" (version) VALUES ('20190201114105')[0m
  [1m[35m (15.5ms)[0m  INSERT INTO "schema_migrations" (version) VALUES ('20190201091741')
  [1m[36m (15.6ms)[0m  [1mCREATE TABLE "people" ("id" INTEGER PRIMARY KEY AUTOINCREMENT NOT NULL, "firstname" varchar, "lastname" varchar, "login" varchar, "password" varchar, "citizen_id" integer, "created_at" datetime NOT NULL, "updated_at" datetime NOT NULL) [0m
  [1m[35m (15.9ms)[0m  CREATE TABLE "student_compagnons" ("id" INTEGER PRIMARY KEY AUTOINCREMENT NOT NULL, "student_id" integer, "student" integer) 
  [1m[36m (16.7ms)[0m  [1mCREATE TABLE "students" ("id" INTEGER PRIMARY KEY AUTOINCREMENT NOT NULL, "companion" integer) [0m
  [1m[35m (16.6ms)[0m  CREATE TABLE "schema_migrations" ("version" varchar NOT NULL) 
  [1m[36m (0.2ms)[0m  [1mselect sqlite_version(*)[0m
  [1m[35m (16.8ms)[0m  CREATE UNIQUE INDEX "unique_schema_migrations" ON "schema_migrations" ("version")
  [1m[36m (0.2ms)[0m  [1mSELECT version FROM "schema_migrations"[0m
  [1m[35m (16.6ms)[0m  INSERT INTO "schema_migrations" (version) VALUES ('20190201114343')
  [1m[36m (17.5ms)[0m  [1mINSERT INTO "schema_migrations" (version) VALUES ('20190201114105')[0m
  [1m[35m (17.2ms)[0m  INSERT INTO "schema_migrations" (version) VALUES ('20190201091741')
  [1m[36mActiveRecord::SchemaMigration Load (0.2ms)[0m  [1mSELECT "schema_migrations".* FROM "schema_migrations"[0m
  [1m[36m (18.8ms)[0m  [1mCREATE TABLE "people" ("id" INTEGER PRIMARY KEY AUTOINCREMENT NOT NULL, "firstname" varchar, "lastname" varchar, "login" varchar, "password" varchar, "citizen_id" integer, "created_at" datetime NOT NULL, "updated_at" datetime NOT NULL) [0m
  [1m[35m (17.2ms)[0m  CREATE TABLE "student_compagnons" ("id" INTEGER PRIMARY KEY AUTOINCREMENT NOT NULL, "student_id" integer, "student" integer) 
  [1m[36m (16.8ms)[0m  [1mCREATE TABLE "students" ("id" INTEGER PRIMARY KEY AUTOINCREMENT NOT NULL, "companion" integer) [0m
  [1m[35m (17.8ms)[0m  CREATE TABLE "schema_migrations" ("version" varchar NOT NULL) 
  [1m[36m (0.2ms)[0m  [1mselect sqlite_version(*)[0m
  [1m[35m (17.6ms)[0m  CREATE UNIQUE INDEX "unique_schema_migrations" ON "schema_migrations" ("version")
  [1m[36m (0.3ms)[0m  [1mSELECT version FROM "schema_migrations"[0m
  [1m[35m (17.3ms)[0m  INSERT INTO "schema_migrations" (version) VALUES ('20190201114343')
  [1m[36m (16.6ms)[0m  [1mINSERT INTO "schema_migrations" (version) VALUES ('20190201114105')[0m
  [1m[35m (17.1ms)[0m  INSERT INTO "schema_migrations" (version) VALUES ('20190201091741')
  [1m[36m (16.8ms)[0m  [1mCREATE TABLE "people" ("id" INTEGER PRIMARY KEY AUTOINCREMENT NOT NULL, "firstname" varchar, "lastname" varchar, "login" varchar, "password" varchar, "citizen_id" integer, "created_at" datetime NOT NULL, "updated_at" datetime NOT NULL) [0m
  [1m[35m (17.0ms)[0m  CREATE TABLE "student_compagnons" ("id" INTEGER PRIMARY KEY AUTOINCREMENT NOT NULL, "student_id" integer, "student" integer) 
  [1m[36m (17.3ms)[0m  [1mCREATE TABLE "students" ("id" INTEGER PRIMARY KEY AUTOINCREMENT NOT NULL, "companion" integer) [0m
  [1m[35m (15.7ms)[0m  CREATE TABLE "schema_migrations" ("version" varchar NOT NULL) 
  [1m[36m (0.1ms)[0m  [1mselect sqlite_version(*)[0m
  [1m[35m (16.0ms)[0m  CREATE UNIQUE INDEX "unique_schema_migrations" ON "schema_migrations" ("version")
  [1m[36m (0.2ms)[0m  [1mSELECT version FROM "schema_migrations"[0m
  [1m[35m (16.6ms)[0m  INSERT INTO "schema_migrations" (version) VALUES ('20190201114343')
  [1m[36m (17.4ms)[0m  [1mINSERT INTO "schema_migrations" (version) VALUES ('20190201114105')[0m
  [1m[35m (17.6ms)[0m  INSERT INTO "schema_migrations" (version) VALUES ('20190201091741')
  [1m[36mActiveRecord::SchemaMigration Load (0.2ms)[0m  [1mSELECT "schema_migrations".* FROM "schema_migrations"[0m
  [1m[36m (18.2ms)[0m  [1mCREATE TABLE "people" ("id" INTEGER PRIMARY KEY AUTOINCREMENT NOT NULL, "firstname" varchar, "lastname" varchar, "login" varchar, "password" varchar, "citizen_id" integer, "created_at" datetime NOT NULL, "updated_at" datetime NOT NULL) [0m
  [1m[35m (17.4ms)[0m  CREATE TABLE "student_compagnons" ("id" INTEGER PRIMARY KEY AUTOINCREMENT NOT NULL, "student_id" integer, "student" integer) 
  [1m[36m (17.6ms)[0m  [1mCREATE TABLE "students" ("id" INTEGER PRIMARY KEY AUTOINCREMENT NOT NULL, "companion" integer) [0m
  [1m[35m (16.8ms)[0m  CREATE TABLE "schema_migrations" ("version" varchar NOT NULL) 
  [1m[36m (0.2ms)[0m  [1mselect sqlite_version(*)[0m
  [1m[35m (17.6ms)[0m  CREATE UNIQUE INDEX "unique_schema_migrations" ON "schema_migrations" ("version")
  [1m[36m (0.2ms)[0m  [1mSELECT version FROM "schema_migrations"[0m
  [1m[35m (17.7ms)[0m  INSERT INTO "schema_migrations" (version) VALUES ('20190201114343')
  [1m[36m (16.9ms)[0m  [1mINSERT INTO "schema_migrations" (version) VALUES ('20190201114105')[0m
  [1m[35m (18.2ms)[0m  INSERT INTO "schema_migrations" (version) VALUES ('20190201091741')
  [1m[36m (17.8ms)[0m  [1mCREATE TABLE "people" ("id" INTEGER PRIMARY KEY AUTOINCREMENT NOT NULL, "firstname" varchar, "lastname" varchar, "login" varchar, "password" varchar, "citizen_id" integer, "created_at" datetime NOT NULL, "updated_at" datetime NOT NULL) [0m
  [1m[35m (16.5ms)[0m  CREATE TABLE "student_compagnons" ("id" INTEGER PRIMARY KEY AUTOINCREMENT NOT NULL, "student_id" integer, "student" integer) 
  [1m[36m (17.1ms)[0m  [1mCREATE TABLE "students" ("id" INTEGER PRIMARY KEY AUTOINCREMENT NOT NULL, "companion" integer) [0m
  [1m[35m (18.1ms)[0m  CREATE TABLE "schema_migrations" ("version" varchar NOT NULL) 
  [1m[36m (0.2ms)[0m  [1mselect sqlite_version(*)[0m
  [1m[35m (18.7ms)[0m  CREATE UNIQUE INDEX "unique_schema_migrations" ON "schema_migrations" ("version")
  [1m[36m (0.3ms)[0m  [1mSELECT version FROM "schema_migrations"[0m
  [1m[35m (17.7ms)[0m  INSERT INTO "schema_migrations" (version) VALUES ('20190201114343')
  [1m[36m (18.7ms)[0m  [1mINSERT INTO "schema_migrations" (version) VALUES ('20190201114105')[0m
  [1m[35m (17.5ms)[0m  INSERT INTO "schema_migrations" (version) VALUES ('20190201091741')
  [1m[36mActiveRecord::SchemaMigration Load (0.2ms)[0m  [1mSELECT "schema_migrations".* FROM "schema_migrations"[0m
  [1m[36m (17.1ms)[0m  [1mCREATE TABLE "people" ("id" INTEGER PRIMARY KEY AUTOINCREMENT NOT NULL, "firstname" varchar, "lastname" varchar, "login" varchar, "password" varchar, "citizen_id" integer, "created_at" datetime NOT NULL, "updated_at" datetime NOT NULL) [0m
  [1m[35m (15.9ms)[0m  CREATE TABLE "student_compagnons" ("id" INTEGER PRIMARY KEY AUTOINCREMENT NOT NULL, "student_id" integer, "student" integer) 
  [1m[36m (16.0ms)[0m  [1mCREATE TABLE "students" ("id" INTEGER PRIMARY KEY AUTOINCREMENT NOT NULL, "companion" integer) [0m
  [1m[35m (15.7ms)[0m  CREATE TABLE "schema_migrations" ("version" varchar NOT NULL) 
  [1m[36m (0.2ms)[0m  [1mselect sqlite_version(*)[0m
  [1m[35m (15.7ms)[0m  CREATE UNIQUE INDEX "unique_schema_migrations" ON "schema_migrations" ("version")
  [1m[36m (0.2ms)[0m  [1mSELECT version FROM "schema_migrations"[0m
  [1m[35m (14.4ms)[0m  INSERT INTO "schema_migrations" (version) VALUES ('20190201114343')
  [1m[36m (14.3ms)[0m  [1mINSERT INTO "schema_migrations" (version) VALUES ('20190201114105')[0m
  [1m[35m (15.4ms)[0m  INSERT INTO "schema_migrations" (version) VALUES ('20190201091741')
  [1m[36m (16.8ms)[0m  [1mCREATE TABLE "people" ("id" INTEGER PRIMARY KEY AUTOINCREMENT NOT NULL, "firstname" varchar, "lastname" varchar, "login" varchar, "password" varchar, "citizen_id" integer, "created_at" datetime NOT NULL, "updated_at" datetime NOT NULL) [0m
  [1m[35m (15.4ms)[0m  CREATE TABLE "student_compagnons" ("id" INTEGER PRIMARY KEY AUTOINCREMENT NOT NULL, "student_id" integer, "student" integer) 
  [1m[36m (15.5ms)[0m  [1mCREATE TABLE "students" ("id" INTEGER PRIMARY KEY AUTOINCREMENT NOT NULL, "companion" integer) [0m
  [1m[35m (15.9ms)[0m  CREATE TABLE "schema_migrations" ("version" varchar NOT NULL) 
  [1m[36m (0.2ms)[0m  [1mselect sqlite_version(*)[0m
  [1m[35m (15.7ms)[0m  CREATE UNIQUE INDEX "unique_schema_migrations" ON "schema_migrations" ("version")
  [1m[36m (0.3ms)[0m  [1mSELECT version FROM "schema_migrations"[0m
  [1m[35m (16.0ms)[0m  INSERT INTO "schema_migrations" (version) VALUES ('20190201114343')
  [1m[36m (16.1ms)[0m  [1mINSERT INTO "schema_migrations" (version) VALUES ('20190201114105')[0m
  [1m[35m (15.5ms)[0m  INSERT INTO "schema_migrations" (version) VALUES ('20190201091741')
  [1m[36mActiveRecord::SchemaMigration Load (0.1ms)[0m  [1mSELECT "schema_migrations".* FROM "schema_migrations"[0m
  [1m[36m (18.4ms)[0m  [1mCREATE TABLE "people" ("id" INTEGER PRIMARY KEY AUTOINCREMENT NOT NULL, "firstname" varchar, "lastname" varchar, "login" varchar, "password" varchar, "citizen_id" integer, "created_at" datetime NOT NULL, "updated_at" datetime NOT NULL) [0m
  [1m[35m (17.0ms)[0m  CREATE TABLE "student_compagnons" ("id" INTEGER PRIMARY KEY AUTOINCREMENT NOT NULL, "student_id" integer, "student" integer) 
  [1m[36m (18.3ms)[0m  [1mCREATE TABLE "students" ("id" INTEGER PRIMARY KEY AUTOINCREMENT NOT NULL, "companion" integer) [0m
  [1m[35m (19.0ms)[0m  CREATE TABLE "schema_migrations" ("version" varchar NOT NULL) 
  [1m[36m (0.2ms)[0m  [1mselect sqlite_version(*)[0m
  [1m[35m (17.1ms)[0m  CREATE UNIQUE INDEX "unique_schema_migrations" ON "schema_migrations" ("version")
  [1m[36m (0.3ms)[0m  [1mSELECT version FROM "schema_migrations"[0m
  [1m[35m (16.4ms)[0m  INSERT INTO "schema_migrations" (version) VALUES ('20190201114343')
  [1m[36m (16.7ms)[0m  [1mINSERT INTO "schema_migrations" (version) VALUES ('20190201114105')[0m
  [1m[35m (17.1ms)[0m  INSERT INTO "schema_migrations" (version) VALUES ('20190201091741')
  [1m[36m (17.6ms)[0m  [1mCREATE TABLE "people" ("id" INTEGER PRIMARY KEY AUTOINCREMENT NOT NULL, "firstname" varchar, "lastname" varchar, "login" varchar, "password" varchar, "citizen_id" integer, "created_at" datetime NOT NULL, "updated_at" datetime NOT NULL) [0m
  [1m[35m (16.9ms)[0m  CREATE TABLE "student_compagnons" ("id" INTEGER PRIMARY KEY AUTOINCREMENT NOT NULL, "student_id" integer, "student" integer) 
  [1m[36m (17.2ms)[0m  [1mCREATE TABLE "students" ("id" INTEGER PRIMARY KEY AUTOINCREMENT NOT NULL, "companion" integer) [0m
  [1m[35m (17.9ms)[0m  CREATE TABLE "schema_migrations" ("version" varchar NOT NULL) 
  [1m[36m (0.1ms)[0m  [1mselect sqlite_version(*)[0m
  [1m[35m (17.6ms)[0m  CREATE UNIQUE INDEX "unique_schema_migrations" ON "schema_migrations" ("version")
  [1m[36m (0.2ms)[0m  [1mSELECT version FROM "schema_migrations"[0m
  [1m[35m (18.2ms)[0m  INSERT INTO "schema_migrations" (version) VALUES ('20190201114343')
  [1m[36m (18.1ms)[0m  [1mINSERT INTO "schema_migrations" (version) VALUES ('20190201114105')[0m
  [1m[35m (19.0ms)[0m  INSERT INTO "schema_migrations" (version) VALUES ('20190201091741')
  [1m[36mActiveRecord::SchemaMigration Load (0.2ms)[0m  [1mSELECT "schema_migrations".* FROM "schema_migrations"[0m
  [1m[36m (0.3ms)[0m  [1mbegin transaction[0m
  [1m[35mSQL (0.5ms)[0m  INSERT INTO "student_compagnons" ("student_id") VALUES (?)  [["student_id", 1]]
  [1m[36m (18.2ms)[0m  [1mcommit transaction[0m
  [1m[35m (0.2ms)[0m  begin transaction
  [1m[36mStudent Exists (1.0ms)[0m  [1mSELECT  1 AS one FROM "students" WHERE "students"."student_id" IS NULL LIMIT 1[0m
  [1m[35m (0.1ms)[0m  rollback transaction
  [1m[36m (0.3ms)[0m  [1mbegin transaction[0m
  [1m[35mStudent Exists (1.3ms)[0m  SELECT  1 AS one FROM "students" WHERE "students"."student_id" IS NULL LIMIT 1
  [1m[36m (0.1ms)[0m  [1mrollback transaction[0m
  [1m[36m (0.2ms)[0m  [1mbegin transaction[0m
  [1m[35mSQL (0.5ms)[0m  INSERT INTO "students" DEFAULT VALUES
  [1m[36m (17.6ms)[0m  [1mcommit transaction[0m
  [1m[35m (0.2ms)[0m  begin transaction
  [1m[36m (0.2ms)[0m  [1mcommit transaction[0m
  [1m[35m (0.2ms)[0m  begin transaction
  [1m[36m (0.1ms)[0m  [1mcommit transaction[0m
  [1m[36m (0.2ms)[0m  [1mbegin transaction[0m
  [1m[35m (0.1ms)[0m  rollback transaction
  [1m[36m (0.2ms)[0m  [1mbegin transaction[0m
  [1m[35m (0.2ms)[0m  rollback transaction
  [1m[36m (17.8ms)[0m  [1mCREATE TABLE "people" ("id" INTEGER PRIMARY KEY AUTOINCREMENT NOT NULL, "firstname" varchar, "lastname" varchar, "login" varchar, "password" varchar, "citizen_id" integer, "created_at" datetime NOT NULL, "updated_at" datetime NOT NULL) [0m
  [1m[35m (17.3ms)[0m  CREATE TABLE "student_compagnons" ("id" INTEGER PRIMARY KEY AUTOINCREMENT NOT NULL, "student_id" integer, "student" integer) 
  [1m[36m (17.1ms)[0m  [1mCREATE TABLE "students" ("id" INTEGER PRIMARY KEY AUTOINCREMENT NOT NULL, "companion" integer) [0m
  [1m[35m (18.0ms)[0m  CREATE TABLE "schema_migrations" ("version" varchar NOT NULL) 
  [1m[36m (0.2ms)[0m  [1mselect sqlite_version(*)[0m
  [1m[35m (17.1ms)[0m  CREATE UNIQUE INDEX "unique_schema_migrations" ON "schema_migrations" ("version")
  [1m[36m (0.2ms)[0m  [1mSELECT version FROM "schema_migrations"[0m
  [1m[35m (18.6ms)[0m  INSERT INTO "schema_migrations" (version) VALUES ('20190201114343')
  [1m[36m (16.7ms)[0m  [1mINSERT INTO "schema_migrations" (version) VALUES ('20190201114105')[0m
  [1m[35m (17.9ms)[0m  INSERT INTO "schema_migrations" (version) VALUES ('20190201091741')
  [1m[36m (17.9ms)[0m  [1mCREATE TABLE "people" ("id" INTEGER PRIMARY KEY AUTOINCREMENT NOT NULL, "firstname" varchar, "lastname" varchar, "login" varchar, "password" varchar, "citizen_id" integer, "created_at" datetime NOT NULL, "updated_at" datetime NOT NULL) [0m
  [1m[35m (17.6ms)[0m  CREATE TABLE "student_compagnons" ("id" INTEGER PRIMARY KEY AUTOINCREMENT NOT NULL, "student_id" integer, "student" integer) 
  [1m[36m (17.8ms)[0m  [1mCREATE TABLE "students" ("id" INTEGER PRIMARY KEY AUTOINCREMENT NOT NULL, "companion" integer) [0m
  [1m[35m (16.9ms)[0m  CREATE TABLE "schema_migrations" ("version" varchar NOT NULL) 
  [1m[36m (0.2ms)[0m  [1mselect sqlite_version(*)[0m
  [1m[35m (18.0ms)[0m  CREATE UNIQUE INDEX "unique_schema_migrations" ON "schema_migrations" ("version")
  [1m[36m (0.2ms)[0m  [1mSELECT version FROM "schema_migrations"[0m
  [1m[35m (17.1ms)[0m  INSERT INTO "schema_migrations" (version) VALUES ('20190201114343')
  [1m[36m (16.6ms)[0m  [1mINSERT INTO "schema_migrations" (version) VALUES ('20190201114105')[0m
  [1m[35m (17.6ms)[0m  INSERT INTO "schema_migrations" (version) VALUES ('20190201091741')
  [1m[36mActiveRecord::SchemaMigration Load (0.1ms)[0m  [1mSELECT "schema_migrations".* FROM "schema_migrations"[0m
  [1m[36m (16.6ms)[0m  [1mCREATE TABLE "people" ("id" INTEGER PRIMARY KEY AUTOINCREMENT NOT NULL, "firstname" varchar, "lastname" varchar, "login" varchar, "password" varchar, "citizen_id" integer, "created_at" datetime NOT NULL, "updated_at" datetime NOT NULL) [0m
  [1m[35m (15.8ms)[0m  CREATE TABLE "student_compagnons" ("id" INTEGER PRIMARY KEY AUTOINCREMENT NOT NULL, "student_id" integer, "student" integer) 
  [1m[36m (16.5ms)[0m  [1mCREATE TABLE "students" ("id" INTEGER PRIMARY KEY AUTOINCREMENT NOT NULL, "companion" integer) [0m
  [1m[35m (15.8ms)[0m  CREATE TABLE "schema_migrations" ("version" varchar NOT NULL) 
  [1m[36m (0.1ms)[0m  [1mselect sqlite_version(*)[0m
  [1m[35m (14.8ms)[0m  CREATE UNIQUE INDEX "unique_schema_migrations" ON "schema_migrations" ("version")
  [1m[36m (0.2ms)[0m  [1mSELECT version FROM "schema_migrations"[0m
  [1m[35m (14.9ms)[0m  INSERT INTO "schema_migrations" (version) VALUES ('20190201114343')
  [1m[36m (15.8ms)[0m  [1mINSERT INTO "schema_migrations" (version) VALUES ('20190201114105')[0m
  [1m[35m (16.7ms)[0m  INSERT INTO "schema_migrations" (version) VALUES ('20190201091741')
  [1m[36m (15.2ms)[0m  [1mCREATE TABLE "people" ("id" INTEGER PRIMARY KEY AUTOINCREMENT NOT NULL, "firstname" varchar, "lastname" varchar, "login" varchar, "password" varchar, "citizen_id" integer, "created_at" datetime NOT NULL, "updated_at" datetime NOT NULL) [0m
  [1m[35m (15.5ms)[0m  CREATE TABLE "student_compagnons" ("id" INTEGER PRIMARY KEY AUTOINCREMENT NOT NULL, "student_id" integer, "student" integer) 
  [1m[36m (18.5ms)[0m  [1mCREATE TABLE "students" ("id" INTEGER PRIMARY KEY AUTOINCREMENT NOT NULL, "companion" integer) [0m
  [1m[35m (15.7ms)[0m  CREATE TABLE "schema_migrations" ("version" varchar NOT NULL) 
  [1m[36m (0.1ms)[0m  [1mselect sqlite_version(*)[0m
  [1m[35m (14.4ms)[0m  CREATE UNIQUE INDEX "unique_schema_migrations" ON "schema_migrations" ("version")
  [1m[36m (0.3ms)[0m  [1mSELECT version FROM "schema_migrations"[0m
  [1m[35m (14.8ms)[0m  INSERT INTO "schema_migrations" (version) VALUES ('20190201114343')
  [1m[36m (13.5ms)[0m  [1mINSERT INTO "schema_migrations" (version) VALUES ('20190201114105')[0m
  [1m[35m (14.8ms)[0m  INSERT INTO "schema_migrations" (version) VALUES ('20190201091741')
  [1m[36mActiveRecord::SchemaMigration Load (0.2ms)[0m  [1mSELECT "schema_migrations".* FROM "schema_migrations"[0m
  [1m[36m (19.5ms)[0m  [1mCREATE TABLE "people" ("id" INTEGER PRIMARY KEY AUTOINCREMENT NOT NULL, "firstname" varchar, "lastname" varchar, "login" varchar, "password" varchar, "citizen_id" integer, "created_at" datetime NOT NULL, "updated_at" datetime NOT NULL) [0m
  [1m[35m (17.9ms)[0m  CREATE TABLE "student_compagnons" ("id" INTEGER PRIMARY KEY AUTOINCREMENT NOT NULL, "student_id" integer, "student" integer) 
  [1m[36m (16.9ms)[0m  [1mCREATE TABLE "students" ("id" INTEGER PRIMARY KEY AUTOINCREMENT NOT NULL, "companion" integer) [0m
  [1m[35m (16.8ms)[0m  CREATE TABLE "schema_migrations" ("version" varchar NOT NULL) 
  [1m[36m (0.2ms)[0m  [1mselect sqlite_version(*)[0m
  [1m[35m (14.0ms)[0m  CREATE UNIQUE INDEX "unique_schema_migrations" ON "schema_migrations" ("version")
  [1m[36m (0.2ms)[0m  [1mSELECT version FROM "schema_migrations"[0m
  [1m[35m (13.3ms)[0m  INSERT INTO "schema_migrations" (version) VALUES ('20190201114343')
  [1m[36m (14.0ms)[0m  [1mINSERT INTO "schema_migrations" (version) VALUES ('20190201114105')[0m
  [1m[35m (12.4ms)[0m  INSERT INTO "schema_migrations" (version) VALUES ('20190201091741')
  [1m[36m (14.3ms)[0m  [1mCREATE TABLE "people" ("id" INTEGER PRIMARY KEY AUTOINCREMENT NOT NULL, "firstname" varchar, "lastname" varchar, "login" varchar, "password" varchar, "citizen_id" integer, "created_at" datetime NOT NULL, "updated_at" datetime NOT NULL) [0m
  [1m[35m (14.4ms)[0m  CREATE TABLE "student_compagnons" ("id" INTEGER PRIMARY KEY AUTOINCREMENT NOT NULL, "student_id" integer, "student" integer) 
  [1m[36m (15.5ms)[0m  [1mCREATE TABLE "students" ("id" INTEGER PRIMARY KEY AUTOINCREMENT NOT NULL, "companion" integer) [0m
  [1m[35m (13.5ms)[0m  CREATE TABLE "schema_migrations" ("version" varchar NOT NULL) 
  [1m[36m (0.1ms)[0m  [1mselect sqlite_version(*)[0m
  [1m[35m (12.5ms)[0m  CREATE UNIQUE INDEX "unique_schema_migrations" ON "schema_migrations" ("version")
  [1m[36m (0.3ms)[0m  [1mSELECT version FROM "schema_migrations"[0m
  [1m[35m (14.0ms)[0m  INSERT INTO "schema_migrations" (version) VALUES ('20190201114343')
  [1m[36m (12.1ms)[0m  [1mINSERT INTO "schema_migrations" (version) VALUES ('20190201114105')[0m
  [1m[35m (14.5ms)[0m  INSERT INTO "schema_migrations" (version) VALUES ('20190201091741')
  [1m[36mActiveRecord::SchemaMigration Load (0.2ms)[0m  [1mSELECT "schema_migrations".* FROM "schema_migrations"[0m
  [1m[36m (17.5ms)[0m  [1mCREATE TABLE "schema_migrations" ("version" varchar NOT NULL) [0m
  [1m[35m (0.2ms)[0m  select sqlite_version(*)
  [1m[36m (13.4ms)[0m  [1mCREATE UNIQUE INDEX "unique_schema_migrations" ON "schema_migrations" ("version")[0m
  [1m[35mActiveRecord::SchemaMigration Load (0.2ms)[0m  SELECT "schema_migrations".* FROM "schema_migrations"
Migrating to CreatePeople (20190201091741)
  [1m[36m (0.1ms)[0m  [1mbegin transaction[0m
  [1m[35m (0.5ms)[0m  CREATE TABLE "people" ("id" INTEGER PRIMARY KEY AUTOINCREMENT NOT NULL, "firstname" varchar, "lastname" varchar, "login" varchar, "password" varchar, "citizen_id" integer, "created_at" datetime NOT NULL, "updated_at" datetime NOT NULL) 
  [1m[36mSQL (0.2ms)[0m  [1mINSERT INTO "schema_migrations" ("version") VALUES (?)[0m  [["version", "20190201091741"]]
  [1m[35m (15.3ms)[0m  commit transaction
Migrating to CreateStudent (20190201114105)
  [1m[36m (0.1ms)[0m  [1mbegin transaction[0m
  [1m[35mSQL (0.3ms)[0m  INSERT INTO "schema_migrations" ("version") VALUES (?)  [["version", "20190201114105"]]
  [1m[36m (12.5ms)[0m  [1mcommit transaction[0m
Migrating to CreateStudentCompagnon (20190201114343)
  [1m[35m (0.1ms)[0m  begin transaction
  [1m[36m (0.4ms)[0m  [1mCREATE TABLE "student_compagnons" ("id" INTEGER PRIMARY KEY AUTOINCREMENT NOT NULL, "student_id" integer, "students_id" integer) [0m
  [1m[35mSQL (0.2ms)[0m  INSERT INTO "schema_migrations" ("version") VALUES (?)  [["version", "20190201114343"]]
  [1m[36m (10.8ms)[0m  [1mcommit transaction[0m
  [1m[35mActiveRecord::SchemaMigration Load (0.1ms)[0m  SELECT "schema_migrations".* FROM "schema_migrations"
  [1m[36m (0.2ms)[0m  [1mbegin transaction[0m
  [1m[35mPerson Exists (0.3ms)[0m  SELECT  1 AS one FROM "people" WHERE "people"."citizen_id" IS NULL LIMIT 1
  [1m[36mPerson Exists (0.1ms)[0m  [1mSELECT  1 AS one FROM "people" WHERE "people"."login" IS NULL LIMIT 1[0m
  [1m[35m (0.1ms)[0m  rollback transaction
  [1m[36m (0.2ms)[0m  [1mbegin transaction[0m
  [1m[35mPerson Exists (0.3ms)[0m  SELECT  1 AS one FROM "people" WHERE "people"."citizen_id" IS NULL LIMIT 1
  [1m[36mPerson Exists (0.2ms)[0m  [1mSELECT  1 AS one FROM "people" WHERE "people"."login" IS NULL LIMIT 1[0m
  [1m[35mStudentCompagnon Exists (0.1ms)[0m  SELECT  1 AS one FROM "student_compagnons" WHERE "student_compagnons"."student_id" IS NULL LIMIT 1
  [1m[36m (0.1ms)[0m  [1mrollback transaction[0m
  [1m[35m (0.3ms)[0m  begin transaction
  [1m[36mPerson Exists (0.2ms)[0m  [1mSELECT  1 AS one FROM "people" WHERE "people"."citizen_id" IS NULL LIMIT 1[0m
  [1m[35mPerson Exists (0.2ms)[0m  SELECT  1 AS one FROM "people" WHERE "people"."login" IS NULL LIMIT 1
  [1m[36mStudentCompagnon Exists (0.1ms)[0m  [1mSELECT  1 AS one FROM "student_compagnons" WHERE "student_compagnons"."student_id" = 1 LIMIT 1[0m
  [1m[35m (0.1ms)[0m  rollback transaction
  [1m[36m (0.2ms)[0m  [1mbegin transaction[0m
  [1m[35mPerson Exists (0.3ms)[0m  SELECT  1 AS one FROM "people" WHERE "people"."citizen_id" IS NULL LIMIT 1
  [1m[36mPerson Exists (0.2ms)[0m  [1mSELECT  1 AS one FROM "people" WHERE "people"."login" = 'ezez' LIMIT 1[0m
  [1m[35mStudentCompagnon Exists (0.2ms)[0m  SELECT  1 AS one FROM "student_compagnons" WHERE "student_compagnons"."student_id" = 1 LIMIT 1
  [1m[36m (0.1ms)[0m  [1mrollback transaction[0m
  [1m[35m (0.2ms)[0m  begin transaction
  [1m[36mPerson Exists (0.3ms)[0m  [1mSELECT  1 AS one FROM "people" WHERE "people"."citizen_id" IS NULL LIMIT 1[0m
  [1m[35mPerson Exists (0.2ms)[0m  SELECT  1 AS one FROM "people" WHERE "people"."login" = 'ezez' LIMIT 1
  [1m[36mStudentCompagnon Exists (10.0ms)[0m  [1mSELECT  1 AS one FROM "student_compagnons" WHERE "student_compagnons"."student_id" = 1 LIMIT 1[0m
  [1m[35m (0.1ms)[0m  rollback transaction
  [1m[36m (0.2ms)[0m  [1mbegin transaction[0m
  [1m[35mPerson Exists (0.3ms)[0m  SELECT  1 AS one FROM "people" WHERE "people"."citizen_id" = 1 LIMIT 1
  [1m[36mPerson Exists (0.1ms)[0m  [1mSELECT  1 AS one FROM "people" WHERE "people"."login" = 'ezez' LIMIT 1[0m
  [1m[35mStudentCompagnon Exists (0.1ms)[0m  SELECT  1 AS one FROM "student_compagnons" WHERE "student_compagnons"."student_id" = 1 LIMIT 1
  [1m[36mSQL (0.7ms)[0m  [1mINSERT INTO "people" ("lastname", "login", "password", "firstname", "citizen_id", "created_at", "updated_at") VALUES (?, ?, ?, ?, ?, ?, ?)[0m  [["lastname", "defdf"], ["login", "ezez"], ["password", "eee"], ["firstname", "defdf"], ["citizen_id", 1], ["created_at", "2019-02-01 18:47:47.961600"], ["updated_at", "2019-02-01 18:47:47.961600"]]
  [1m[35mSQL (0.1ms)[0m  INSERT INTO "student_compagnons" ("student_id") VALUES (?)  [["student_id", 1]]
  [1m[36m (14.5ms)[0m  [1mcommit transaction[0m
  [1m[36m (0.2ms)[0m  [1mbegin transaction[0m
  [1m[35mPerson Exists (0.3ms)[0m  SELECT  1 AS one FROM "people" WHERE "people"."citizen_id" = 1 LIMIT 1
  [1m[36mPerson Exists (0.2ms)[0m  [1mSELECT  1 AS one FROM "people" WHERE "people"."login" = 'eee' LIMIT 1[0m
  [1m[35m (0.1ms)[0m  rollback transaction
  [1m[36m (0.2ms)[0m  [1mbegin transaction[0m
  [1m[35mPerson Exists (0.3ms)[0m  SELECT  1 AS one FROM "people" WHERE "people"."citizen_id" = 1 LIMIT 1
  [1m[36mPerson Exists (0.1ms)[0m  [1mSELECT  1 AS one FROM "people" WHERE "people"."login" = 'eedsddse' LIMIT 1[0m
  [1m[35mStudentCompagnon Exists (0.1ms)[0m  SELECT  1 AS one FROM "student_compagnons" WHERE "student_compagnons"."student_id" IS NULL LIMIT 1
  [1m[36m (0.1ms)[0m  [1mrollback transaction[0m
  [1m[35m (0.1ms)[0m  begin transaction
  [1m[36mPerson Exists (0.2ms)[0m  [1mSELECT  1 AS one FROM "people" WHERE "people"."citizen_id" = 1 LIMIT 1[0m
  [1m[35mPerson Exists (0.1ms)[0m  SELECT  1 AS one FROM "people" WHERE "people"."login" = 'eedsddse' LIMIT 1
  [1m[36mStudentCompagnon Exists (0.1ms)[0m  [1mSELECT  1 AS one FROM "student_compagnons" WHERE "student_compagnons"."student_id" = 1 LIMIT 1[0m
  [1m[35m (0.1ms)[0m  rollback transaction
  [1m[36m (0.2ms)[0m  [1mbegin transaction[0m
  [1m[35mPerson Exists (0.3ms)[0m  SELECT  1 AS one FROM "people" WHERE "people"."citizen_id" = 1 LIMIT 1
  [1m[36mPerson Exists (0.1ms)[0m  [1mSELECT  1 AS one FROM "people" WHERE "people"."login" = 'eedsddse' LIMIT 1[0m
  [1m[35mStudentCompagnon Exists (0.1ms)[0m  SELECT  1 AS one FROM "student_compagnons" WHERE "student_compagnons"."student_id" = 1 LIMIT 1
  [1m[36m (0.1ms)[0m  [1mrollback transaction[0m
  [1m[35m (0.2ms)[0m  begin transaction
  [1m[36mPerson Exists (0.2ms)[0m  [1mSELECT  1 AS one FROM "people" WHERE "people"."citizen_id" = 2 LIMIT 1[0m
  [1m[35mPerson Exists (0.1ms)[0m  SELECT  1 AS one FROM "people" WHERE "people"."login" = 'eedsddse' LIMIT 1
  [1m[36mStudentCompagnon Exists (0.1ms)[0m  [1mSELECT  1 AS one FROM "student_compagnons" WHERE "student_compagnons"."student_id" = 1 LIMIT 1[0m
  [1m[35m (0.1ms)[0m  rollback transaction
  [1m[36m (0.2ms)[0m  [1mbegin transaction[0m
  [1m[35mPerson Exists (0.2ms)[0m  SELECT  1 AS one FROM "people" WHERE "people"."citizen_id" = 12 LIMIT 1
  [1m[36mPerson Exists (0.1ms)[0m  [1mSELECT  1 AS one FROM "people" WHERE "people"."login" = 'eedsddse' LIMIT 1[0m
  [1m[35mStudentCompagnon Exists (0.2ms)[0m  SELECT  1 AS one FROM "student_compagnons" WHERE "student_compagnons"."student_id" = 1 LIMIT 1
  [1m[36m (0.1ms)[0m  [1mrollback transaction[0m
  [1m[35m (0.2ms)[0m  begin transaction
  [1m[36mPerson Exists (0.3ms)[0m  [1mSELECT  1 AS one FROM "people" WHERE "people"."citizen_id" = 12 LIMIT 1[0m
  [1m[35mPerson Exists (0.1ms)[0m  SELECT  1 AS one FROM "people" WHERE "people"."login" = 'eedsddse' LIMIT 1
  [1m[36mStudentCompagnon Exists (0.1ms)[0m  [1mSELECT  1 AS one FROM "student_compagnons" WHERE "student_compagnons"."student_id" = 13 LIMIT 1[0m
  [1m[35mSQL (0.6ms)[0m  INSERT INTO "people" ("citizen_id", "lastname", "firstname", "password", "login", "created_at", "updated_at") VALUES (?, ?, ?, ?, ?, ?, ?)  [["citizen_id", 12], ["lastname", "defdf"], ["firstname", "defdf"], ["password", "eee"], ["login", "eedsddse"], ["created_at", "2019-02-01 19:38:18.721981"], ["updated_at", "2019-02-01 19:38:18.721981"]]
  [1m[36mSQL (0.1ms)[0m  [1mINSERT INTO "student_compagnons" ("student_id") VALUES (?)[0m  [["student_id", 2]]
  [1m[35m (16.3ms)[0m  commit transaction
  [1m[36m (17.6ms)[0m  [1mCREATE TABLE "people" ("id" INTEGER PRIMARY KEY AUTOINCREMENT NOT NULL, "firstname" varchar, "lastname" varchar, "login" varchar, "password" varchar, "citizen_id" integer, "created_at" datetime NOT NULL, "updated_at" datetime NOT NULL) [0m
  [1m[35m (11.1ms)[0m  CREATE TABLE "student_compagnons" ("id" INTEGER PRIMARY KEY AUTOINCREMENT NOT NULL, "student_id" integer, "students_id" integer) 
  [1m[36m (13.6ms)[0m  [1mCREATE TABLE "schema_migrations" ("version" varchar NOT NULL) [0m
  [1m[35m (0.3ms)[0m  select sqlite_version(*)
  [1m[36m (13.1ms)[0m  [1mCREATE UNIQUE INDEX "unique_schema_migrations" ON "schema_migrations" ("version")[0m
  [1m[35m (0.2ms)[0m  SELECT version FROM "schema_migrations"
  [1m[36m (9.2ms)[0m  [1mINSERT INTO "schema_migrations" (version) VALUES ('20190201114343')[0m
  [1m[35m (11.7ms)[0m  INSERT INTO "schema_migrations" (version) VALUES ('20190201091741')
  [1m[36m (17.3ms)[0m  [1mCREATE TABLE "people" ("id" INTEGER PRIMARY KEY AUTOINCREMENT NOT NULL, "firstname" varchar, "lastname" varchar, "login" varchar, "password" varchar, "citizen_id" integer, "created_at" datetime NOT NULL, "updated_at" datetime NOT NULL) [0m
  [1m[35m (11.4ms)[0m  CREATE TABLE "student_compagnons" ("id" INTEGER PRIMARY KEY AUTOINCREMENT NOT NULL, "student_id" integer, "students_id" integer) 
  [1m[36m (14.1ms)[0m  [1mCREATE TABLE "schema_migrations" ("version" varchar NOT NULL) [0m
  [1m[35m (0.1ms)[0m  select sqlite_version(*)
  [1m[36m (11.6ms)[0m  [1mCREATE UNIQUE INDEX "unique_schema_migrations" ON "schema_migrations" ("version")[0m
  [1m[35m (0.3ms)[0m  SELECT version FROM "schema_migrations"
  [1m[36m (13.2ms)[0m  [1mINSERT INTO "schema_migrations" (version) VALUES ('20190201114343')[0m
  [1m[35m (14.0ms)[0m  INSERT INTO "schema_migrations" (version) VALUES ('20190201091741')
  [1m[36mActiveRecord::SchemaMigration Load (0.1ms)[0m  [1mSELECT "schema_migrations".* FROM "schema_migrations"[0m
  [1m[36mStudent Load (0.3ms)[0m  [1mSELECT  "people".* FROM "people" WHERE "people"."id" = ? LIMIT 1[0m  [["id", nil]]
  [1m[35mStudent Load (0.2ms)[0m  SELECT  "people".* FROM "people" WHERE "people"."id" = ? LIMIT 1  [["id", 1]]
  [1m[36mStudent Load (0.4ms)[0m  [1mSELECT "people".* FROM "people"[0m
  [1m[35mStudent Load (0.3ms)[0m  SELECT "people".* FROM "people"
  [1m[36m (0.3ms)[0m  [1mbegin transaction[0m
  [1m[35mPerson Exists (0.4ms)[0m  SELECT  1 AS one FROM "people" WHERE "people"."citizen_id" = 12 LIMIT 1
  [1m[36mPerson Exists (0.2ms)[0m  [1mSELECT  1 AS one FROM "people" WHERE "people"."login" = 'eedsddse' LIMIT 1[0m
  [1m[35mStudentCompagnon Exists (0.2ms)[0m  SELECT  1 AS one FROM "student_compagnons" WHERE "student_compagnons"."student_id" = 12 LIMIT 1
  [1m[36mSQL (0.7ms)[0m  [1mINSERT INTO "people" ("citizen_id", "login", "password", "firstname", "lastname", "created_at", "updated_at") VALUES (?, ?, ?, ?, ?, ?, ?)[0m  [["citizen_id", 12], ["login", "eedsddse"], ["password", "eee"], ["firstname", "defdf"], ["lastname", "defdf"], ["created_at", "2019-02-01 19:45:27.674547"], ["updated_at", "2019-02-01 19:45:27.674547"]]
  [1m[35mSQL (0.2ms)[0m  INSERT INTO "student_compagnons" ("student_id") VALUES (?)  [["student_id", 1]]
  [1m[36m (15.5ms)[0m  [1mcommit transaction[0m
  [1m[35m (0.2ms)[0m  begin transaction
  [1m[36mPerson Exists (0.3ms)[0m  [1mSELECT  1 AS one FROM "people" WHERE ("people"."citizen_id" = 12 AND "people"."id" != 1) LIMIT 1[0m
  [1m[35mPerson Exists (0.1ms)[0m  SELECT  1 AS one FROM "people" WHERE ("people"."login" = 'eedsddse' AND "people"."id" != 1) LIMIT 1
  [1m[36mStudentCompagnon Exists (0.1ms)[0m  [1mSELECT  1 AS one FROM "student_compagnons" WHERE ("student_compagnons"."student_id" = 1 AND "student_compagnons"."id" != 1) LIMIT 1[0m
  [1m[35m (0.1ms)[0m  commit transaction
